{
  "RSpec": {
    "coverage": {
      "/Users/Guest/Desktop/gamestop-remake/spec/controllers/charges_controller_spec.rb": [
        1,
        null,
        1,
        null,
        null
      ],
      "/Users/Guest/Desktop/gamestop-remake/spec/rails_helper.rb": [
        null,
        null,
        null,
        1,
        1,
        1,
        null,
        1,
        1,
        1,
        null,
        null,
        null,
        null,
        null,
        null,
        null,
        null,
        null,
        null,
        null,
        null,
        null,
        null,
        null,
        null,
        null,
        null,
        null,
        1,
        1,
        null,
        0,
        0,
        null,
        1,
        null,
        1,
        null,
        null,
        null,
        null,
        1,
        null,
        null,
        null,
        null,
        null,
        null,
        null,
        null,
        null,
        null,
        null,
        null,
        null,
        null,
        1,
        null,
        null,
        1,
        null,
        null,
        1,
        1,
        1,
        1,
        null,
        null,
        null,
        1,
        1,
        1,
        1,
        1,
        null,
        null
      ],
      "/Users/Guest/Desktop/gamestop-remake/config/environment.rb": [
        null,
        null,
        null,
        1,
        null,
        null,
        1
      ],
      "/Users/Guest/Desktop/gamestop-remake/config/application.rb": [
        null,
        null,
        1,
        null,
        1,
        null,
        1,
        1,
        1,
        1,
        1,
        1,
        1,
        1,
        1,
        null,
        null,
        null,
        null,
        1,
        null,
        1,
        1,
        null,
        1,
        null,
        null,
        null,
        null,
        null,
        null,
        null,
        1,
        null,
        null
      ],
      "/Users/Guest/Desktop/gamestop-remake/config/boot.rb": [
        null,
        null,
        1,
        null,
        1,
        1
      ],
      "/Users/Guest/Desktop/gamestop-remake/config/spring.rb": [
        null,
        null,
        null,
        null,
        null,
        null,
        null,
        5
      ],
      "/Users/Guest/Desktop/gamestop-remake/config/environments/test.rb": [
        null,
        null,
        1,
        null,
        null,
        null,
        null,
        null,
        null,
        1,
        null,
        null,
        null,
        null,
        1,
        null,
        null,
        1,
        1,
        null,
        null,
        null,
        null,
        1,
        1,
        null,
        null,
        1,
        null,
        null,
        1,
        null,
        null,
        1,
        null,
        1,
        null,
        null,
        null,
        null,
        1,
        null,
        null,
        1,
        null,
        null,
        null,
        null
      ],
      "/Users/Guest/Desktop/gamestop-remake/config/initializers/application_controller_renderer.rb": [
        null,
        null,
        null,
        null,
        null,
        null,
        null,
        null,
        null,
        null
      ],
      "/Users/Guest/Desktop/gamestop-remake/config/initializers/assets.rb": [
        null,
        null,
        null,
        null,
        null,
        1,
        null,
        null,
        null,
        null,
        1,
        null,
        null,
        null,
        null,
        null
      ],
      "/Users/Guest/Desktop/gamestop-remake/config/initializers/backtrace_silencers.rb": [
        null,
        null,
        null,
        null,
        null,
        null,
        null,
        null,
        null
      ],
      "/Users/Guest/Desktop/gamestop-remake/config/initializers/content_security_policy.rb": [
        null,
        null,
        null,
        null,
        null,
        null,
        null,
        null,
        null,
        null,
        null,
        null,
        null,
        null,
        null,
        null,
        null,
        null,
        null,
        null,
        null,
        null,
        null,
        null,
        null,
        null,
        null
      ],
      "/Users/Guest/Desktop/gamestop-remake/config/initializers/cookies_serializer.rb": [
        null,
        null,
        null,
        null,
        null,
        null,
        1
      ],
      "/Users/Guest/Desktop/gamestop-remake/config/initializers/devise.rb": [
        null,
        null,
        null,
        null,
        1,
        null,
        null,
        null,
        null,
        null,
        null,
        null,
        null,
        null,
        null,
        null,
        null,
        null,
        null,
        null,
        1,
        null,
        null,
        null,
        null,
        null,
        null,
        null,
        null,
        null,
        null,
        null,
        1,
        null,
        null,
        null,
        null,
        null,
        null,
        null,
        null,
        null,
        null,
        null,
        null,
        null,
        null,
        null,
        null,
        null,
        null,
        null,
        null,
        null,
        1,
        null,
        null,
        null,
        null,
        1,
        null,
        null,
        null,
        null,
        null,
        null,
        null,
        null,
        null,
        null,
        null,
        null,
        null,
        null,
        null,
        null,
        null,
        null,
        null,
        null,
        null,
        null,
        null,
        null,
        null,
        null,
        null,
        null,
        null,
        null,
        1,
        null,
        null,
        null,
        null,
        null,
        null,
        null,
        null,
        null,
        null,
        null,
        null,
        null,
        null,
        null,
        null,
        null,
        null,
        null,
        null,
        null,
        null,
        1,
        null,
        null,
        null,
        null,
        null,
        null,
        null,
        null,
        null,
        null,
        null,
        null,
        null,
        null,
        null,
        null,
        null,
        null,
        null,
        null,
        null,
        null,
        null,
        null,
        null,
        null,
        null,
        null,
        null,
        null,
        1,
        null,
        null,
        null,
        null,
        null,
        null,
        null,
        null,
        null,
        1,
        null,
        null,
        null,
        null,
        null,
        null,
        null,
        null,
        null,
        null,
        1,
        null,
        null,
        null,
        null,
        1,
        null,
        null,
        null,
        null,
        null,
        null,
        null,
        null,
        null,
        null,
        null,
        null,
        null,
        null,
        null,
        null,
        null,
        null,
        null,
        null,
        null,
        null,
        null,
        null,
        null,
        null,
        null,
        null,
        null,
        null,
        null,
        null,
        null,
        null,
        null,
        null,
        null,
        null,
        null,
        null,
        1,
        null,
        null,
        null,
        null,
        null,
        null,
        null,
        null,
        null,
        null,
        null,
        null,
        null,
        null,
        null,
        null,
        null,
        null,
        null,
        null,
        null,
        null,
        null,
        null,
        null,
        null,
        null,
        null,
        null,
        null,
        null,
        null,
        null,
        null,
        null,
        null,
        null,
        null,
        null,
        null,
        null,
        1,
        null,
        null,
        null,
        null,
        null,
        null,
        null,
        null,
        null,
        null,
        null,
        null,
        null,
        null,
        null,
        null,
        null,
        null,
        null,
        null,
        null,
        null,
        null,
        null,
        null,
        null,
        null,
        null,
        null,
        null,
        null,
        null,
        null,
        null,
        null,
        null
      ],
      "/Users/Guest/Desktop/gamestop-remake/config/initializers/filter_parameter_logging.rb": [
        null,
        null,
        null,
        null,
        null,
        1
      ],
      "/Users/Guest/Desktop/gamestop-remake/config/initializers/inflections.rb": [
        null,
        null,
        null,
        null,
        null,
        null,
        null,
        null,
        null,
        null,
        null,
        null,
        null,
        null,
        null,
        null,
        null,
        null
      ],
      "/Users/Guest/Desktop/gamestop-remake/config/initializers/mime_types.rb": [
        null,
        null,
        null,
        null,
        null,
        null
      ],
      "/Users/Guest/Desktop/gamestop-remake/config/initializers/rails_admin.rb": [
        null,
        null,
        1,
        null,
        null,
        null,
        1,
        0,
        null,
        1,
        null,
        1,
        0,
        0,
        0,
        0,
        null,
        null,
        null,
        null,
        null,
        null,
        null,
        null,
        null,
        null,
        null,
        null,
        null,
        null,
        null,
        null,
        null,
        null,
        null,
        1,
        1,
        1,
        1,
        1,
        1,
        1,
        1,
        1,
        1,
        null,
        null,
        null,
        null,
        null,
        null
      ],
      "/Users/Guest/Desktop/gamestop-remake/config/initializers/stripe.rb": [
        1,
        null,
        null,
        null,
        null,
        1
      ],
      "/Users/Guest/Desktop/gamestop-remake/config/initializers/wrap_parameters.rb": [
        null,
        null,
        null,
        null,
        null,
        null,
        null,
        null,
        1,
        2,
        null,
        null,
        null,
        null,
        null,
        null
      ],
      "/Users/Guest/Desktop/gamestop-remake/config/routes.rb": [
        null,
        null,
        1,
        1,
        1,
        1,
        null,
        1,
        1,
        1,
        1,
        1,
        1,
        null
      ],
      "/Users/Guest/Desktop/gamestop-remake/app/models/user.rb": [
        null,
        null,
        1,
        null,
        null,
        null,
        1,
        null,
        null,
        1,
        1,
        null
      ],
      "/Users/Guest/Desktop/gamestop-remake/app/models/application_record.rb": [
        null,
        null,
        1,
        1,
        null
      ],
      "/Users/Guest/Desktop/gamestop-remake/app/controllers/application_controller.rb": [
        null,
        null,
        1,
        1,
        1,
        null,
        1,
        7,
        0,
        0,
        0,
        null,
        0,
        null,
        7,
        0,
        null,
        7,
        null,
        null,
        null,
        1,
        0,
        0,
        null,
        null,
        null
      ],
      "/Users/Guest/Desktop/gamestop-remake/app/helpers/application_helper.rb": [
        null,
        null,
        1,
        null
      ],
      "/Users/Guest/Desktop/gamestop-remake/app/helpers/charges_helper.rb": [
        1,
        null
      ],
      "/Users/Guest/Desktop/gamestop-remake/app/channels/application_cable/channel.rb": [
        null,
        null,
        1,
        1,
        null,
        null
      ],
      "/Users/Guest/Desktop/gamestop-remake/app/channels/application_cable/connection.rb": [
        null,
        null,
        1,
        1,
        null,
        null
      ],
      "/Users/Guest/Desktop/gamestop-remake/app/controllers/carts_controller.rb": [
        null,
        null,
        1,
        1,
        0,
        0,
        0,
        0,
        0,
        null,
        null,
        null,
        1,
        0,
        0,
        0,
        0,
        null,
        null,
        null
      ],
      "/Users/Guest/Desktop/gamestop-remake/app/controllers/charges_controller.rb": [
        1,
        1,
        0,
        0,
        0,
        null,
        null,
        1,
        null,
        0,
        0,
        0,
        null,
        0,
        null,
        null,
        0,
        null,
        null,
        null,
        null,
        0,
        null,
        null,
        null,
        null,
        null,
        0,
        0,
        0,
        null,
        null,
        null,
        0,
        0,
        null,
        null
      ],
      "/Users/Guest/Desktop/gamestop-remake/app/controllers/order_items_controller.rb": [
        null,
        null,
        1,
        1,
        0,
        0,
        0,
        0,
        0,
        0,
        0,
        0,
        null,
        null,
        0,
        null,
        0,
        null,
        null,
        1,
        0,
        0,
        0,
        0,
        0,
        0,
        null,
        0,
        null,
        null,
        1,
        null,
        1,
        0,
        null,
        null
      ],
      "/Users/Guest/Desktop/gamestop-remake/app/controllers/orders_controller.rb": [
        1,
        1,
        0,
        null,
        null
      ],
      "/Users/Guest/Desktop/gamestop-remake/app/controllers/products_controller.rb": [
        null,
        null,
        1,
        1,
        1,
        1,
        null,
        null,
        1,
        0,
        0,
        null,
        null
      ],
      "/Users/Guest/Desktop/gamestop-remake/app/jobs/application_job.rb": [
        null,
        null,
        1,
        null
      ],
      "/Users/Guest/Desktop/gamestop-remake/app/mailers/application_mailer.rb": [
        null,
        null,
        1,
        1,
        1,
        null
      ],
      "/Users/Guest/Desktop/gamestop-remake/app/models/order.rb": [
        null,
        null,
        1,
        1,
        1,
        1,
        1,
        1,
        null,
        1,
        0,
        null,
        null,
        1,
        2,
        null,
        null,
        1,
        null,
        1,
        0,
        0,
        null,
        null,
        null,
        1,
        0,
        null,
        null
      ],
      "/Users/Guest/Desktop/gamestop-remake/app/models/order_item.rb": [
        null,
        null,
        1,
        1,
        1,
        1,
        null
      ],
      "/Users/Guest/Desktop/gamestop-remake/app/models/product.rb": [
        null,
        null,
        1,
        1,
        1,
        1,
        null,
        1,
        0,
        null,
        null,
        null,
        null,
        0,
        null,
        null
      ],
      "/Users/Guest/Desktop/gamestop-remake/spec/features/charges_path_spec.rb": [
        1,
        null,
        1,
        1,
        1,
        1,
        null,
        null
      ],
      "/Users/Guest/Desktop/gamestop-remake/spec/helpers/charges_helper_spec.rb": [
        1,
        null,
        null,
        null,
        null,
        null,
        null,
        null,
        null,
        null,
        null,
        null,
        1,
        null,
        null
      ],
      "/Users/Guest/Desktop/gamestop-remake/spec/models/order_item_spec.rb": [
        null,
        null,
        1,
        null,
        1,
        2,
        2,
        null
      ],
      "/Users/Guest/Desktop/gamestop-remake/spec/models/order_spec.rb": [
        null,
        null,
        1,
        null,
        1,
        2,
        2,
        2,
        null
      ],
      "/Users/Guest/Desktop/gamestop-remake/spec/models/product_spec.rb": [
        null,
        null,
        1,
        null,
        1,
        2,
        2,
        2,
        null
      ],
      "/Users/Guest/Desktop/gamestop-remake/spec/models/user_spec.rb": [
        null,
        null,
        1,
        null,
        1,
        2,
        2,
        null
      ]
    },
    "timestamp": 1537456346
  }
}
